{"/home/otto/Documentos/RocketSeat/Modulo_4/appgobarber/src/components/Button/index.tsx": {"path":"/home/otto/Documentos/RocketSeat/Modulo_4/appgobarber/src/components/Button/index.tsx","statementMap":{"0":{"start":{"line":10,"column":38},"end":{"line":16,"column":1}},"1":{"start":{"line":11,"column":2},"end":{"line":15,"column":4}}},"fnMap":{"0":{"name":"(anonymous_0)","decl":{"start":{"line":10,"column":38},"end":{"line":10,"column":39}},"loc":{"start":{"line":10,"column":65},"end":{"line":16,"column":1}},"line":10}},"branchMap":{},"s":{"0":1,"1":1},"f":{"0":1},"b":{},"_coverageSchema":"43e27e138ebf9cfc5966b082cf9a028302ed4184","hash":"28c599c268abf2fabf36b3579da1d835d82f3ced"}
,"/home/otto/Documentos/RocketSeat/Modulo_4/appgobarber/src/components/Input/index.tsx": {"path":"/home/otto/Documentos/RocketSeat/Modulo_4/appgobarber/src/components/Input/index.tsx","statementMap":{"0":{"start":{"line":28,"column":66},"end":{"line":90,"column":1}},"1":{"start":{"line":32,"column":36},"end":{"line":32,"column":51}},"2":{"start":{"line":33,"column":34},"end":{"line":33,"column":49}},"3":{"start":{"line":35,"column":26},"end":{"line":35,"column":38}},"4":{"start":{"line":37,"column":65},"end":{"line":37,"column":79}},"5":{"start":{"line":38,"column":24},"end":{"line":38,"column":76}},"6":{"start":{"line":40,"column":27},"end":{"line":42,"column":8}},"7":{"start":{"line":41,"column":4},"end":{"line":41,"column":23}},"8":{"start":{"line":43,"column":26},"end":{"line":46,"column":8}},"9":{"start":{"line":44,"column":4},"end":{"line":44,"column":24}},"10":{"start":{"line":45,"column":4},"end":{"line":45,"column":47}},"11":{"start":{"line":48,"column":2},"end":{"line":52,"column":6}},"12":{"start":{"line":48,"column":34},"end":{"line":52,"column":3}},"13":{"start":{"line":50,"column":6},"end":{"line":50,"column":38}},"14":{"start":{"line":54,"column":2},"end":{"line":68,"column":33}},"15":{"start":{"line":55,"column":4},"end":{"line":67,"column":7}},"16":{"start":{"line":60,"column":8},"end":{"line":60,"column":44}},"17":{"start":{"line":61,"column":8},"end":{"line":61,"column":64}},"18":{"start":{"line":64,"column":8},"end":{"line":64,"column":41}},"19":{"start":{"line":65,"column":8},"end":{"line":65,"column":40}},"20":{"start":{"line":69,"column":2},"end":{"line":89,"column":4}},"21":{"start":{"line":85,"column":10},"end":{"line":85,"column":45}}},"fnMap":{"0":{"name":"(anonymous_0)","decl":{"start":{"line":28,"column":66},"end":{"line":28,"column":67}},"loc":{"start":{"line":31,"column":5},"end":{"line":90,"column":1}},"line":31},"1":{"name":"(anonymous_1)","decl":{"start":{"line":40,"column":39},"end":{"line":40,"column":40}},"loc":{"start":{"line":40,"column":45},"end":{"line":42,"column":3}},"line":40},"2":{"name":"(anonymous_2)","decl":{"start":{"line":43,"column":38},"end":{"line":43,"column":39}},"loc":{"start":{"line":43,"column":44},"end":{"line":46,"column":3}},"line":43},"3":{"name":"(anonymous_3)","decl":{"start":{"line":48,"column":27},"end":{"line":48,"column":28}},"loc":{"start":{"line":48,"column":34},"end":{"line":52,"column":3}},"line":48},"4":{"name":"(anonymous_4)","decl":{"start":{"line":49,"column":4},"end":{"line":49,"column":5}},"loc":{"start":{"line":49,"column":12},"end":{"line":51,"column":5}},"line":49},"5":{"name":"(anonymous_5)","decl":{"start":{"line":54,"column":12},"end":{"line":54,"column":13}},"loc":{"start":{"line":54,"column":18},"end":{"line":68,"column":3}},"line":54},"6":{"name":"(anonymous_6)","decl":{"start":{"line":59,"column":6},"end":{"line":59,"column":7}},"loc":{"start":{"line":59,"column":32},"end":{"line":62,"column":7}},"line":59},"7":{"name":"(anonymous_7)","decl":{"start":{"line":63,"column":6},"end":{"line":63,"column":7}},"loc":{"start":{"line":63,"column":19},"end":{"line":66,"column":7}},"line":63},"8":{"name":"(anonymous_8)","decl":{"start":{"line":84,"column":22},"end":{"line":84,"column":23}},"loc":{"start":{"line":84,"column":30},"end":{"line":86,"column":9}},"line":84}},"branchMap":{"0":{"loc":{"start":{"line":29,"column":4},"end":{"line":29,"column":23}},"type":"default-arg","locations":[{"start":{"line":29,"column":21},"end":{"line":29,"column":23}}],"line":29},"1":{"loc":{"start":{"line":37,"column":25},"end":{"line":37,"column":42}},"type":"default-arg","locations":[{"start":{"line":37,"column":40},"end":{"line":37,"column":42}}],"line":37},"2":{"loc":{"start":{"line":74,"column":15},"end":{"line":74,"column":60}},"type":"cond-expr","locations":[{"start":{"line":74,"column":39},"end":{"line":74,"column":48}},{"start":{"line":74,"column":51},"end":{"line":74,"column":60}}],"line":74},"3":{"loc":{"start":{"line":74,"column":15},"end":{"line":74,"column":36}},"type":"binary-expr","locations":[{"start":{"line":74,"column":15},"end":{"line":74,"column":24}},{"start":{"line":74,"column":28},"end":{"line":74,"column":36}}],"line":74}},"s":{"0":1,"1":2,"2":2,"3":2,"4":2,"5":2,"6":2,"7":0,"8":2,"9":0,"10":0,"11":2,"12":1,"13":0,"14":2,"15":2,"16":0,"17":0,"18":0,"19":0,"20":2,"21":0},"f":{"0":2,"1":0,"2":0,"3":1,"4":0,"5":2,"6":0,"7":0,"8":0},"b":{"0":[2],"1":[2],"2":[0,2],"3":[2,2]},"_coverageSchema":"43e27e138ebf9cfc5966b082cf9a028302ed4184","hash":"4df1b91dba29eb3996bf0118e897f098e2689938"}
,"/home/otto/Documentos/RocketSeat/Modulo_4/appgobarber/src/hooks/auth.tsx": {"path":"/home/otto/Documentos/RocketSeat/Modulo_4/appgobarber/src/hooks/auth.tsx","statementMap":{"0":{"start":{"line":39,"column":20},"end":{"line":39,"column":75}},"1":{"start":{"line":41,"column":45},"end":{"line":105,"column":1}},"2":{"start":{"line":42,"column":34},"end":{"line":42,"column":70}},"3":{"start":{"line":43,"column":32},"end":{"line":43,"column":46}},"4":{"start":{"line":44,"column":2},"end":{"line":58,"column":9}},"5":{"start":{"line":46,"column":36},"end":{"line":49,"column":8}},"6":{"start":{"line":51,"column":6},"end":{"line":54,"column":7}},"7":{"start":{"line":52,"column":8},"end":{"line":52,"column":63}},"8":{"start":{"line":53,"column":8},"end":{"line":53,"column":55}},"9":{"start":{"line":55,"column":6},"end":{"line":55,"column":24}},"10":{"start":{"line":57,"column":4},"end":{"line":57,"column":23}},"11":{"start":{"line":60,"column":17},"end":{"line":74,"column":8}},"12":{"start":{"line":61,"column":21},"end":{"line":64,"column":6}},"13":{"start":{"line":65,"column":28},"end":{"line":65,"column":41}},"14":{"start":{"line":67,"column":4},"end":{"line":70,"column":7}},"15":{"start":{"line":72,"column":4},"end":{"line":72,"column":59}},"16":{"start":{"line":73,"column":4},"end":{"line":73,"column":33}},"17":{"start":{"line":76,"column":21},"end":{"line":85,"column":3}},"18":{"start":{"line":78,"column":6},"end":{"line":78,"column":73}},"19":{"start":{"line":79,"column":6},"end":{"line":82,"column":9}},"20":{"start":{"line":87,"column":18},"end":{"line":91,"column":8}},"21":{"start":{"line":88,"column":4},"end":{"line":88,"column":74}},"22":{"start":{"line":90,"column":4},"end":{"line":90,"column":33}},"23":{"start":{"line":92,"column":2},"end":{"line":104,"column":4}},"24":{"start":{"line":108,"column":20},"end":{"line":108,"column":43}},"25":{"start":{"line":110,"column":2},"end":{"line":112,"column":3}},"26":{"start":{"line":111,"column":4},"end":{"line":111,"column":67}},"27":{"start":{"line":114,"column":2},"end":{"line":114,"column":19}}},"fnMap":{"0":{"name":"(anonymous_0)","decl":{"start":{"line":41,"column":45},"end":{"line":41,"column":46}},"loc":{"start":{"line":41,"column":63},"end":{"line":105,"column":1}},"line":41},"1":{"name":"(anonymous_1)","decl":{"start":{"line":44,"column":12},"end":{"line":44,"column":13}},"loc":{"start":{"line":44,"column":18},"end":{"line":58,"column":3}},"line":44},"2":{"name":"loadStoragedData","decl":{"start":{"line":45,"column":19},"end":{"line":45,"column":35}},"loc":{"start":{"line":45,"column":53},"end":{"line":56,"column":5}},"line":45},"3":{"name":"(anonymous_3)","decl":{"start":{"line":60,"column":29},"end":{"line":60,"column":30}},"loc":{"start":{"line":60,"column":79},"end":{"line":74,"column":3}},"line":60},"4":{"name":"(anonymous_4)","decl":{"start":{"line":77,"column":4},"end":{"line":77,"column":5}},"loc":{"start":{"line":77,"column":26},"end":{"line":83,"column":5}},"line":77},"5":{"name":"(anonymous_5)","decl":{"start":{"line":87,"column":30},"end":{"line":87,"column":31}},"loc":{"start":{"line":87,"column":42},"end":{"line":91,"column":3}},"line":87},"6":{"name":"useAuth","decl":{"start":{"line":107,"column":16},"end":{"line":107,"column":23}},"loc":{"start":{"line":107,"column":44},"end":{"line":115,"column":1}},"line":107}},"branchMap":{"0":{"loc":{"start":{"line":51,"column":6},"end":{"line":54,"column":7}},"type":"if","locations":[{"start":{"line":51,"column":6},"end":{"line":54,"column":7}},{"start":{"line":51,"column":6},"end":{"line":54,"column":7}}],"line":51},"1":{"loc":{"start":{"line":51,"column":10},"end":{"line":51,"column":23}},"type":"binary-expr","locations":[{"start":{"line":51,"column":10},"end":{"line":51,"column":15}},{"start":{"line":51,"column":19},"end":{"line":51,"column":23}}],"line":51},"2":{"loc":{"start":{"line":110,"column":2},"end":{"line":112,"column":3}},"type":"if","locations":[{"start":{"line":110,"column":2},"end":{"line":112,"column":3}},{"start":{"line":110,"column":2},"end":{"line":112,"column":3}}],"line":110}},"s":{"0":1,"1":1,"2":0,"3":0,"4":0,"5":0,"6":0,"7":0,"8":0,"9":0,"10":0,"11":0,"12":0,"13":0,"14":0,"15":0,"16":0,"17":0,"18":0,"19":0,"20":0,"21":0,"22":0,"23":0,"24":1,"25":1,"26":0,"27":1},"f":{"0":0,"1":0,"2":0,"3":0,"4":0,"5":0,"6":1},"b":{"0":[0,0],"1":[0,0],"2":[0,1]},"_coverageSchema":"43e27e138ebf9cfc5966b082cf9a028302ed4184","hash":"a7e40ae4746d43f0fab991034251700f13d3c0df"}
,"/home/otto/Documentos/RocketSeat/Modulo_4/appgobarber/src/pages/AppointmentCreated/index.tsx": {"path":"/home/otto/Documentos/RocketSeat/Modulo_4/appgobarber/src/pages/AppointmentCreated/index.tsx","statementMap":{"0":{"start":{"line":19,"column":37},"end":{"line":55,"column":1}},"1":{"start":{"line":20,"column":16},"end":{"line":20,"column":26}},"2":{"start":{"line":21,"column":20},"end":{"line":21,"column":35}},"3":{"start":{"line":23,"column":22},"end":{"line":23,"column":49}},"4":{"start":{"line":25,"column":26},"end":{"line":34,"column":13}},"5":{"start":{"line":26,"column":4},"end":{"line":33,"column":7}},"6":{"start":{"line":36,"column":24},"end":{"line":42,"column":24}},"7":{"start":{"line":37,"column":4},"end":{"line":41,"column":6}},"8":{"start":{"line":44,"column":2},"end":{"line":54,"column":4}}},"fnMap":{"0":{"name":"(anonymous_0)","decl":{"start":{"line":19,"column":37},"end":{"line":19,"column":38}},"loc":{"start":{"line":19,"column":43},"end":{"line":55,"column":1}},"line":19},"1":{"name":"(anonymous_1)","decl":{"start":{"line":25,"column":38},"end":{"line":25,"column":39}},"loc":{"start":{"line":25,"column":44},"end":{"line":34,"column":3}},"line":25},"2":{"name":"(anonymous_2)","decl":{"start":{"line":36,"column":32},"end":{"line":36,"column":33}},"loc":{"start":{"line":36,"column":38},"end":{"line":42,"column":3}},"line":36}},"branchMap":{},"s":{"0":0,"1":0,"2":0,"3":0,"4":0,"5":0,"6":0,"7":0,"8":0},"f":{"0":0,"1":0,"2":0},"b":{},"hash":"72f54bff868dbae2af0ab4385fc04b4b759f84c4"}
,"/home/otto/Documentos/RocketSeat/Modulo_4/appgobarber/src/pages/CreateAppointment/index.tsx": {"path":"/home/otto/Documentos/RocketSeat/Modulo_4/appgobarber/src/pages/CreateAppointment/index.tsx","statementMap":{"0":{"start":{"line":46,"column":36},"end":{"line":250,"column":1}},"1":{"start":{"line":47,"column":16},"end":{"line":47,"column":26}},"2":{"start":{"line":48,"column":31},"end":{"line":48,"column":46}},"3":{"start":{"line":49,"column":19},"end":{"line":49,"column":28}},"4":{"start":{"line":50,"column":22},"end":{"line":50,"column":49}},"5":{"start":{"line":52,"column":42},"end":{"line":52,"column":73}},"6":{"start":{"line":53,"column":46},"end":{"line":53,"column":61}},"7":{"start":{"line":54,"column":42},"end":{"line":54,"column":53}},"8":{"start":{"line":55,"column":42},"end":{"line":55,"column":62}},"9":{"start":{"line":56,"column":36},"end":{"line":56,"column":60}},"10":{"start":{"line":57,"column":50},"end":{"line":59,"column":3}},"11":{"start":{"line":61,"column":2},"end":{"line":65,"column":9}},"12":{"start":{"line":62,"column":4},"end":{"line":64,"column":7}},"13":{"start":{"line":63,"column":6},"end":{"line":63,"column":34}},"14":{"start":{"line":67,"column":2},"end":{"line":79,"column":39}},"15":{"start":{"line":68,"column":4},"end":{"line":78,"column":9}},"16":{"start":{"line":77,"column":8},"end":{"line":77,"column":39}},"17":{"start":{"line":81,"column":23},"end":{"line":83,"column":14}},"18":{"start":{"line":82,"column":4},"end":{"line":82,"column":13}},"19":{"start":{"line":85,"column":31},"end":{"line":87,"column":8}},"20":{"start":{"line":86,"column":4},"end":{"line":86,"column":46}},"21":{"start":{"line":89,"column":33},"end":{"line":91,"column":8}},"22":{"start":{"line":90,"column":4},"end":{"line":90,"column":39}},"23":{"start":{"line":90,"column":31},"end":{"line":90,"column":37}},"24":{"start":{"line":93,"column":27},"end":{"line":101,"column":8}},"25":{"start":{"line":94,"column":4},"end":{"line":96,"column":5}},"26":{"start":{"line":95,"column":6},"end":{"line":95,"column":31}},"27":{"start":{"line":98,"column":4},"end":{"line":100,"column":5}},"28":{"start":{"line":99,"column":6},"end":{"line":99,"column":28}},"29":{"start":{"line":103,"column":27},"end":{"line":105,"column":8}},"30":{"start":{"line":104,"column":4},"end":{"line":104,"column":26}},"31":{"start":{"line":107,"column":34},"end":{"line":126,"column":62}},"32":{"start":{"line":108,"column":4},"end":{"line":125,"column":5}},"33":{"start":{"line":109,"column":19},"end":{"line":109,"column":41}},"34":{"start":{"line":111,"column":6},"end":{"line":111,"column":34}},"35":{"start":{"line":112,"column":6},"end":{"line":112,"column":25}},"36":{"start":{"line":114,"column":6},"end":{"line":117,"column":9}},"37":{"start":{"line":119,"column":6},"end":{"line":119,"column":63}},"38":{"start":{"line":121,"column":6},"end":{"line":124,"column":8}},"39":{"start":{"line":128,"column":30},"end":{"line":138,"column":20}},"40":{"start":{"line":129,"column":4},"end":{"line":137,"column":9}},"41":{"start":{"line":130,"column":28},"end":{"line":130,"column":37}},"42":{"start":{"line":132,"column":8},"end":{"line":136,"column":10}},"43":{"start":{"line":140,"column":32},"end":{"line":150,"column":20}},"44":{"start":{"line":141,"column":4},"end":{"line":149,"column":9}},"45":{"start":{"line":142,"column":28},"end":{"line":142,"column":38}},"46":{"start":{"line":144,"column":8},"end":{"line":148,"column":10}},"47":{"start":{"line":152,"column":2},"end":{"line":249,"column":4}},"48":{"start":{"line":169,"column":38},"end":{"line":169,"column":49}},"49":{"start":{"line":171,"column":14},"end":{"line":178,"column":34}},"50":{"start":{"line":173,"column":31},"end":{"line":173,"column":64}},"51":{"start":{"line":208,"column":20},"end":{"line":217,"column":27}},"52":{"start":{"line":211,"column":37},"end":{"line":211,"column":59}},"53":{"start":{"line":228,"column":20},"end":{"line":237,"column":27}},"54":{"start":{"line":231,"column":37},"end":{"line":231,"column":59}}},"fnMap":{"0":{"name":"(anonymous_0)","decl":{"start":{"line":46,"column":36},"end":{"line":46,"column":37}},"loc":{"start":{"line":46,"column":42},"end":{"line":250,"column":1}},"line":46},"1":{"name":"(anonymous_1)","decl":{"start":{"line":61,"column":12},"end":{"line":61,"column":13}},"loc":{"start":{"line":61,"column":18},"end":{"line":65,"column":3}},"line":61},"2":{"name":"(anonymous_2)","decl":{"start":{"line":62,"column":31},"end":{"line":62,"column":32}},"loc":{"start":{"line":62,"column":43},"end":{"line":64,"column":5}},"line":62},"3":{"name":"(anonymous_3)","decl":{"start":{"line":67,"column":12},"end":{"line":67,"column":13}},"loc":{"start":{"line":67,"column":18},"end":{"line":79,"column":3}},"line":67},"4":{"name":"(anonymous_4)","decl":{"start":{"line":76,"column":12},"end":{"line":76,"column":13}},"loc":{"start":{"line":76,"column":24},"end":{"line":78,"column":7}},"line":76},"5":{"name":"(anonymous_5)","decl":{"start":{"line":81,"column":35},"end":{"line":81,"column":36}},"loc":{"start":{"line":81,"column":41},"end":{"line":83,"column":3}},"line":81},"6":{"name":"(anonymous_6)","decl":{"start":{"line":85,"column":43},"end":{"line":85,"column":44}},"loc":{"start":{"line":85,"column":77},"end":{"line":87,"column":3}},"line":85},"7":{"name":"(anonymous_7)","decl":{"start":{"line":89,"column":45},"end":{"line":89,"column":46}},"loc":{"start":{"line":89,"column":51},"end":{"line":91,"column":3}},"line":89},"8":{"name":"(anonymous_8)","decl":{"start":{"line":90,"column":22},"end":{"line":90,"column":23}},"loc":{"start":{"line":90,"column":31},"end":{"line":90,"column":37}},"line":90},"9":{"name":"(anonymous_9)","decl":{"start":{"line":93,"column":39},"end":{"line":93,"column":40}},"loc":{"start":{"line":93,"column":79},"end":{"line":101,"column":3}},"line":93},"10":{"name":"(anonymous_10)","decl":{"start":{"line":103,"column":39},"end":{"line":103,"column":40}},"loc":{"start":{"line":103,"column":57},"end":{"line":105,"column":3}},"line":103},"11":{"name":"(anonymous_11)","decl":{"start":{"line":107,"column":46},"end":{"line":107,"column":47}},"loc":{"start":{"line":107,"column":58},"end":{"line":126,"column":3}},"line":107},"12":{"name":"(anonymous_12)","decl":{"start":{"line":128,"column":38},"end":{"line":128,"column":39}},"loc":{"start":{"line":128,"column":44},"end":{"line":138,"column":3}},"line":128},"13":{"name":"(anonymous_13)","decl":{"start":{"line":130,"column":14},"end":{"line":130,"column":15}},"loc":{"start":{"line":130,"column":28},"end":{"line":130,"column":37}},"line":130},"14":{"name":"(anonymous_14)","decl":{"start":{"line":131,"column":11},"end":{"line":131,"column":12}},"loc":{"start":{"line":131,"column":36},"end":{"line":137,"column":7}},"line":131},"15":{"name":"(anonymous_15)","decl":{"start":{"line":140,"column":40},"end":{"line":140,"column":41}},"loc":{"start":{"line":140,"column":46},"end":{"line":150,"column":3}},"line":140},"16":{"name":"(anonymous_16)","decl":{"start":{"line":142,"column":14},"end":{"line":142,"column":15}},"loc":{"start":{"line":142,"column":28},"end":{"line":142,"column":38}},"line":142},"17":{"name":"(anonymous_17)","decl":{"start":{"line":143,"column":11},"end":{"line":143,"column":12}},"loc":{"start":{"line":143,"column":36},"end":{"line":149,"column":7}},"line":143},"18":{"name":"(anonymous_18)","decl":{"start":{"line":169,"column":26},"end":{"line":169,"column":27}},"loc":{"start":{"line":169,"column":38},"end":{"line":169,"column":49}},"line":169},"19":{"name":"(anonymous_19)","decl":{"start":{"line":170,"column":24},"end":{"line":170,"column":25}},"loc":{"start":{"line":171,"column":14},"end":{"line":178,"column":34}},"line":171},"20":{"name":"(anonymous_20)","decl":{"start":{"line":173,"column":25},"end":{"line":173,"column":26}},"loc":{"start":{"line":173,"column":31},"end":{"line":173,"column":64}},"line":173},"21":{"name":"(anonymous_21)","decl":{"start":{"line":207,"column":18},"end":{"line":207,"column":19}},"loc":{"start":{"line":208,"column":20},"end":{"line":217,"column":27}},"line":208},"22":{"name":"(anonymous_22)","decl":{"start":{"line":211,"column":31},"end":{"line":211,"column":32}},"loc":{"start":{"line":211,"column":37},"end":{"line":211,"column":59}},"line":211},"23":{"name":"(anonymous_23)","decl":{"start":{"line":227,"column":18},"end":{"line":227,"column":19}},"loc":{"start":{"line":228,"column":20},"end":{"line":237,"column":27}},"line":228},"24":{"name":"(anonymous_24)","decl":{"start":{"line":231,"column":31},"end":{"line":231,"column":32}},"loc":{"start":{"line":231,"column":37},"end":{"line":231,"column":59}},"line":231}},"branchMap":{"0":{"loc":{"start":{"line":94,"column":4},"end":{"line":96,"column":5}},"type":"if","locations":[{"start":{"line":94,"column":4},"end":{"line":96,"column":5}},{"start":{"line":94,"column":4},"end":{"line":96,"column":5}}],"line":94},"1":{"loc":{"start":{"line":98,"column":4},"end":{"line":100,"column":5}},"type":"if","locations":[{"start":{"line":98,"column":4},"end":{"line":100,"column":5}},{"start":{"line":98,"column":4},"end":{"line":100,"column":5}}],"line":98},"2":{"loc":{"start":{"line":191,"column":11},"end":{"line":198,"column":11}},"type":"binary-expr","locations":[{"start":{"line":191,"column":11},"end":{"line":191,"column":25}},{"start":{"line":192,"column":12},"end":{"line":197,"column":14}}],"line":191}},"s":{"0":0,"1":0,"2":0,"3":0,"4":0,"5":0,"6":0,"7":0,"8":0,"9":0,"10":0,"11":0,"12":0,"13":0,"14":0,"15":0,"16":0,"17":0,"18":0,"19":0,"20":0,"21":0,"22":0,"23":0,"24":0,"25":0,"26":0,"27":0,"28":0,"29":0,"30":0,"31":0,"32":0,"33":0,"34":0,"35":0,"36":0,"37":0,"38":0,"39":0,"40":0,"41":0,"42":0,"43":0,"44":0,"45":0,"46":0,"47":0,"48":0,"49":0,"50":0,"51":0,"52":0,"53":0,"54":0},"f":{"0":0,"1":0,"2":0,"3":0,"4":0,"5":0,"6":0,"7":0,"8":0,"9":0,"10":0,"11":0,"12":0,"13":0,"14":0,"15":0,"16":0,"17":0,"18":0,"19":0,"20":0,"21":0,"22":0,"23":0,"24":0},"b":{"0":[0,0],"1":[0,0],"2":[0,0]},"hash":"6bb56a4556f0a2a57fb34fe2478051e83a385397"}
,"/home/otto/Documentos/RocketSeat/Modulo_4/appgobarber/src/pages/Dashboard/index.tsx": {"path":"/home/otto/Documentos/RocketSeat/Modulo_4/appgobarber/src/pages/Dashboard/index.tsx","statementMap":{"0":{"start":{"line":31,"column":28},"end":{"line":94,"column":1}},"1":{"start":{"line":32,"column":36},"end":{"line":32,"column":60}},"2":{"start":{"line":33,"column":19},"end":{"line":33,"column":28}},"3":{"start":{"line":34,"column":23},"end":{"line":34,"column":38}},"4":{"start":{"line":36,"column":28},"end":{"line":38,"column":16}},"5":{"start":{"line":37,"column":4},"end":{"line":37,"column":24}},"6":{"start":{"line":40,"column":38},"end":{"line":45,"column":3}},"7":{"start":{"line":42,"column":6},"end":{"line":42,"column":53}},"8":{"start":{"line":47,"column":2},"end":{"line":51,"column":9}},"9":{"start":{"line":48,"column":4},"end":{"line":50,"column":7}},"10":{"start":{"line":49,"column":6},"end":{"line":49,"column":34}},"11":{"start":{"line":53,"column":2},"end":{"line":93,"column":4}},"12":{"start":{"line":71,"column":34},"end":{"line":71,"column":45}},"13":{"start":{"line":73,"column":10},"end":{"line":89,"column":30}},"14":{"start":{"line":74,"column":27},"end":{"line":74,"column":67}}},"fnMap":{"0":{"name":"(anonymous_0)","decl":{"start":{"line":31,"column":28},"end":{"line":31,"column":29}},"loc":{"start":{"line":31,"column":34},"end":{"line":94,"column":1}},"line":31},"1":{"name":"(anonymous_1)","decl":{"start":{"line":36,"column":40},"end":{"line":36,"column":41}},"loc":{"start":{"line":36,"column":46},"end":{"line":38,"column":3}},"line":36},"2":{"name":"(anonymous_2)","decl":{"start":{"line":41,"column":4},"end":{"line":41,"column":5}},"loc":{"start":{"line":41,"column":29},"end":{"line":43,"column":5}},"line":41},"3":{"name":"(anonymous_3)","decl":{"start":{"line":47,"column":12},"end":{"line":47,"column":13}},"loc":{"start":{"line":47,"column":18},"end":{"line":51,"column":3}},"line":47},"4":{"name":"(anonymous_4)","decl":{"start":{"line":48,"column":31},"end":{"line":48,"column":32}},"loc":{"start":{"line":48,"column":43},"end":{"line":50,"column":5}},"line":48},"5":{"name":"(anonymous_5)","decl":{"start":{"line":71,"column":22},"end":{"line":71,"column":23}},"loc":{"start":{"line":71,"column":34},"end":{"line":71,"column":45}},"line":71},"6":{"name":"(anonymous_6)","decl":{"start":{"line":72,"column":20},"end":{"line":72,"column":21}},"loc":{"start":{"line":73,"column":10},"end":{"line":89,"column":30}},"line":73},"7":{"name":"(anonymous_7)","decl":{"start":{"line":74,"column":21},"end":{"line":74,"column":22}},"loc":{"start":{"line":74,"column":27},"end":{"line":74,"column":67}},"line":74}},"branchMap":{},"s":{"0":0,"1":0,"2":0,"3":0,"4":0,"5":0,"6":0,"7":0,"8":0,"9":0,"10":0,"11":0,"12":0,"13":0,"14":0},"f":{"0":0,"1":0,"2":0,"3":0,"4":0,"5":0,"6":0,"7":0},"b":{},"hash":"b85bce26862c3d4c367e210bd6c5df1d1de8cf7c"}
,"/home/otto/Documentos/RocketSeat/Modulo_4/appgobarber/src/pages/Profile/index.tsx": {"path":"/home/otto/Documentos/RocketSeat/Modulo_4/appgobarber/src/pages/Profile/index.tsx","statementMap":{"0":{"start":{"line":33,"column":25},"end":{"line":251,"column":1}},"1":{"start":{"line":34,"column":31},"end":{"line":34,"column":40}},"2":{"start":{"line":35,"column":21},"end":{"line":35,"column":36}},"3":{"start":{"line":37,"column":18},"end":{"line":37,"column":43}},"4":{"start":{"line":38,"column":24},"end":{"line":38,"column":47}},"5":{"start":{"line":39,"column":30},"end":{"line":39,"column":53}},"6":{"start":{"line":40,"column":27},"end":{"line":40,"column":50}},"7":{"start":{"line":41,"column":39},"end":{"line":41,"column":62}},"8":{"start":{"line":43,"column":29},"end":{"line":76,"column":27}},"9":{"start":{"line":44,"column":4},"end":{"line":75,"column":5}},"10":{"start":{"line":52,"column":8},"end":{"line":54,"column":9}},"11":{"start":{"line":53,"column":10},"end":{"line":53,"column":16}},"12":{"start":{"line":56,"column":8},"end":{"line":59,"column":9}},"13":{"start":{"line":57,"column":10},"end":{"line":57,"column":53}},"14":{"start":{"line":58,"column":10},"end":{"line":58,"column":16}},"15":{"start":{"line":61,"column":21},"end":{"line":61,"column":35}},"16":{"start":{"line":63,"column":8},"end":{"line":67,"column":10}},"17":{"start":{"line":69,"column":8},"end":{"line":71,"column":10}},"18":{"start":{"line":70,"column":10},"end":{"line":70,"column":38}},"19":{"start":{"line":73,"column":8},"end":{"line":73,"column":68}},"20":{"start":{"line":78,"column":37},"end":{"line":144,"column":5}},"21":{"start":{"line":79,"column":4},"end":{"line":142,"column":5}},"22":{"start":{"line":80,"column":6},"end":{"line":80,"column":37}},"23":{"start":{"line":81,"column":21},"end":{"line":101,"column":8}},"24":{"start":{"line":89,"column":25},"end":{"line":89,"column":41}},"25":{"start":{"line":96,"column":27},"end":{"line":96,"column":43}},"26":{"start":{"line":104,"column":6},"end":{"line":106,"column":9}},"27":{"start":{"line":114,"column":10},"end":{"line":114,"column":14}},"28":{"start":{"line":116,"column":23},"end":{"line":126,"column":7}},"29":{"start":{"line":128,"column":23},"end":{"line":128,"column":58}},"30":{"start":{"line":130,"column":6},"end":{"line":130,"column":38}},"31":{"start":{"line":132,"column":6},"end":{"line":132,"column":94}},"32":{"start":{"line":134,"column":6},"end":{"line":141,"column":7}},"33":{"start":{"line":135,"column":21},"end":{"line":135,"column":45}},"34":{"start":{"line":137,"column":6},"end":{"line":137,"column":41}},"35":{"start":{"line":138,"column":6},"end":{"line":138,"column":119}},"36":{"start":{"line":140,"column":8},"end":{"line":140,"column":24}},"37":{"start":{"line":146,"column":23},"end":{"line":148,"column":25}},"38":{"start":{"line":147,"column":4},"end":{"line":147,"column":24}},"39":{"start":{"line":150,"column":23},"end":{"line":152,"column":8}},"40":{"start":{"line":151,"column":4},"end":{"line":151,"column":34}},"41":{"start":{"line":153,"column":2},"end":{"line":250,"column":4}},"42":{"start":{"line":187,"column":18},"end":{"line":187,"column":48}},"43":{"start":{"line":200,"column":18},"end":{"line":200,"column":54}},"44":{"start":{"line":214,"column":18},"end":{"line":214,"column":52}},"45":{"start":{"line":227,"column":18},"end":{"line":227,"column":64}}},"fnMap":{"0":{"name":"(anonymous_0)","decl":{"start":{"line":33,"column":25},"end":{"line":33,"column":26}},"loc":{"start":{"line":33,"column":31},"end":{"line":251,"column":1}},"line":33},"1":{"name":"(anonymous_1)","decl":{"start":{"line":43,"column":41},"end":{"line":43,"column":42}},"loc":{"start":{"line":43,"column":47},"end":{"line":76,"column":3}},"line":43},"2":{"name":"(anonymous_2)","decl":{"start":{"line":51,"column":6},"end":{"line":51,"column":7}},"loc":{"start":{"line":51,"column":18},"end":{"line":74,"column":7}},"line":51},"3":{"name":"(anonymous_3)","decl":{"start":{"line":69,"column":45},"end":{"line":69,"column":46}},"loc":{"start":{"line":69,"column":60},"end":{"line":71,"column":9}},"line":69},"4":{"name":"(anonymous_4)","decl":{"start":{"line":78,"column":49},"end":{"line":78,"column":50}},"loc":{"start":{"line":78,"column":97},"end":{"line":143,"column":3}},"line":78},"5":{"name":"(anonymous_5)","decl":{"start":{"line":89,"column":14},"end":{"line":89,"column":15}},"loc":{"start":{"line":89,"column":25},"end":{"line":89,"column":41}},"line":89},"6":{"name":"(anonymous_6)","decl":{"start":{"line":96,"column":16},"end":{"line":96,"column":17}},"loc":{"start":{"line":96,"column":27},"end":{"line":96,"column":43}},"line":96},"7":{"name":"(anonymous_7)","decl":{"start":{"line":146,"column":35},"end":{"line":146,"column":36}},"loc":{"start":{"line":146,"column":41},"end":{"line":148,"column":3}},"line":146},"8":{"name":"(anonymous_8)","decl":{"start":{"line":150,"column":35},"end":{"line":150,"column":36}},"loc":{"start":{"line":150,"column":41},"end":{"line":152,"column":3}},"line":150},"9":{"name":"(anonymous_9)","decl":{"start":{"line":186,"column":33},"end":{"line":186,"column":34}},"loc":{"start":{"line":186,"column":39},"end":{"line":188,"column":17}},"line":186},"10":{"name":"(anonymous_10)","decl":{"start":{"line":199,"column":33},"end":{"line":199,"column":34}},"loc":{"start":{"line":199,"column":39},"end":{"line":201,"column":17}},"line":199},"11":{"name":"(anonymous_11)","decl":{"start":{"line":213,"column":33},"end":{"line":213,"column":34}},"loc":{"start":{"line":213,"column":39},"end":{"line":215,"column":17}},"line":213},"12":{"name":"(anonymous_12)","decl":{"start":{"line":226,"column":33},"end":{"line":226,"column":34}},"loc":{"start":{"line":226,"column":39},"end":{"line":228,"column":17}},"line":226}},"branchMap":{"0":{"loc":{"start":{"line":52,"column":8},"end":{"line":54,"column":9}},"type":"if","locations":[{"start":{"line":52,"column":8},"end":{"line":54,"column":9}},{"start":{"line":52,"column":8},"end":{"line":54,"column":9}}],"line":52},"1":{"loc":{"start":{"line":56,"column":8},"end":{"line":59,"column":9}},"type":"if","locations":[{"start":{"line":56,"column":8},"end":{"line":59,"column":9}},{"start":{"line":56,"column":8},"end":{"line":59,"column":9}}],"line":56},"2":{"loc":{"start":{"line":119,"column":12},"end":{"line":125,"column":14}},"type":"cond-expr","locations":[{"start":{"line":120,"column":12},"end":{"line":124,"column":13}},{"start":{"line":125,"column":12},"end":{"line":125,"column":14}}],"line":119},"3":{"loc":{"start":{"line":134,"column":6},"end":{"line":141,"column":7}},"type":"if","locations":[{"start":{"line":134,"column":6},"end":{"line":141,"column":7}},{"start":{"line":134,"column":6},"end":{"line":141,"column":7}}],"line":134},"4":{"loc":{"start":{"line":158,"column":18},"end":{"line":158,"column":63}},"type":"cond-expr","locations":[{"start":{"line":158,"column":42},"end":{"line":158,"column":51}},{"start":{"line":158,"column":54},"end":{"line":158,"column":63}}],"line":158}},"s":{"0":0,"1":0,"2":0,"3":0,"4":0,"5":0,"6":0,"7":0,"8":0,"9":0,"10":0,"11":0,"12":0,"13":0,"14":0,"15":0,"16":0,"17":0,"18":0,"19":0,"20":0,"21":0,"22":0,"23":0,"24":0,"25":0,"26":0,"27":0,"28":0,"29":0,"30":0,"31":0,"32":0,"33":0,"34":0,"35":0,"36":0,"37":0,"38":0,"39":0,"40":0,"41":0,"42":0,"43":0,"44":0,"45":0},"f":{"0":0,"1":0,"2":0,"3":0,"4":0,"5":0,"6":0,"7":0,"8":0,"9":0,"10":0,"11":0,"12":0},"b":{"0":[0,0],"1":[0,0],"2":[0,0],"3":[0,0],"4":[0,0]},"hash":"75a9c25680b443b10d0585aaf5d2c9cdd29ad3e1"}
,"/home/otto/Documentos/RocketSeat/Modulo_4/appgobarber/src/pages/SignIn/index.tsx": {"path":"/home/otto/Documentos/RocketSeat/Modulo_4/appgobarber/src/pages/SignIn/index.tsx","statementMap":{"0":{"start":{"line":38,"column":25},"end":{"line":136,"column":1}},"1":{"start":{"line":39,"column":27},"end":{"line":39,"column":57}},"2":{"start":{"line":40,"column":18},"end":{"line":40,"column":50}},"3":{"start":{"line":42,"column":27},"end":{"line":42,"column":36}},"4":{"start":{"line":44,"column":2},"end":{"line":44,"column":28}},"5":{"start":{"line":47,"column":21},"end":{"line":47,"column":36}},"6":{"start":{"line":48,"column":23},"end":{"line":78,"column":3}},"7":{"start":{"line":50,"column":6},"end":{"line":75,"column":7}},"8":{"start":{"line":51,"column":8},"end":{"line":51,"column":39}},"9":{"start":{"line":52,"column":23},"end":{"line":58,"column":10}},"10":{"start":{"line":60,"column":8},"end":{"line":62,"column":11}},"11":{"start":{"line":64,"column":8},"end":{"line":67,"column":10}},"12":{"start":{"line":69,"column":8},"end":{"line":69,"column":103}},"13":{"start":{"line":70,"column":8},"end":{"line":74,"column":9}},"14":{"start":{"line":71,"column":25},"end":{"line":71,"column":50}},"15":{"start":{"line":72,"column":10},"end":{"line":72,"column":45}},"16":{"start":{"line":73,"column":10},"end":{"line":73,"column":17}},"17":{"start":{"line":79,"column":23},"end":{"line":79,"column":75}},"18":{"start":{"line":79,"column":41},"end":{"line":79,"column":70}},"19":{"start":{"line":80,"column":2},"end":{"line":135,"column":4}},"20":{"start":{"line":105,"column":16},"end":{"line":105,"column":49}},"21":{"start":{"line":130,"column":42},"end":{"line":130,"column":71}}},"fnMap":{"0":{"name":"(anonymous_0)","decl":{"start":{"line":38,"column":25},"end":{"line":38,"column":26}},"loc":{"start":{"line":38,"column":31},"end":{"line":136,"column":1}},"line":38},"1":{"name":"(anonymous_1)","decl":{"start":{"line":49,"column":4},"end":{"line":49,"column":5}},"loc":{"start":{"line":49,"column":36},"end":{"line":76,"column":5}},"line":49},"2":{"name":"(anonymous_2)","decl":{"start":{"line":79,"column":35},"end":{"line":79,"column":36}},"loc":{"start":{"line":79,"column":41},"end":{"line":79,"column":70}},"line":79},"3":{"name":"(anonymous_3)","decl":{"start":{"line":104,"column":31},"end":{"line":104,"column":32}},"loc":{"start":{"line":104,"column":37},"end":{"line":106,"column":15}},"line":104},"4":{"name":"(anonymous_4)","decl":{"start":{"line":123,"column":37},"end":{"line":123,"column":38}},"loc":{"start":{"line":123,"column":43},"end":{"line":123,"column":45}},"line":123},"5":{"name":"(anonymous_5)","decl":{"start":{"line":130,"column":36},"end":{"line":130,"column":37}},"loc":{"start":{"line":130,"column":42},"end":{"line":130,"column":71}},"line":130}},"branchMap":{"0":{"loc":{"start":{"line":70,"column":8},"end":{"line":74,"column":9}},"type":"if","locations":[{"start":{"line":70,"column":8},"end":{"line":74,"column":9}},{"start":{"line":70,"column":8},"end":{"line":74,"column":9}}],"line":70},"1":{"loc":{"start":{"line":84,"column":18},"end":{"line":84,"column":63}},"type":"cond-expr","locations":[{"start":{"line":84,"column":42},"end":{"line":84,"column":51}},{"start":{"line":84,"column":54},"end":{"line":84,"column":63}}],"line":84}},"s":{"0":1,"1":1,"2":1,"3":1,"4":1,"5":1,"6":1,"7":0,"8":0,"9":0,"10":0,"11":0,"12":0,"13":0,"14":0,"15":0,"16":0,"17":1,"18":0,"19":1,"20":0,"21":0},"f":{"0":1,"1":0,"2":0,"3":0,"4":0,"5":0},"b":{"0":[0,0],"1":[1,0]},"_coverageSchema":"43e27e138ebf9cfc5966b082cf9a028302ed4184","hash":"c0aba7d718e42f070dc2f9c13f8844b39e1e51c5"}
,"/home/otto/Documentos/RocketSeat/Modulo_4/appgobarber/src/pages/SignUp/index.tsx": {"path":"/home/otto/Documentos/RocketSeat/Modulo_4/appgobarber/src/pages/SignUp/index.tsx","statementMap":{"0":{"start":{"line":32,"column":25},"end":{"line":134,"column":1}},"1":{"start":{"line":33,"column":21},"end":{"line":33,"column":36}},"2":{"start":{"line":35,"column":18},"end":{"line":35,"column":43}},"3":{"start":{"line":36,"column":24},"end":{"line":36,"column":47}},"4":{"start":{"line":37,"column":27},"end":{"line":37,"column":50}},"5":{"start":{"line":39,"column":23},"end":{"line":68,"column":5}},"6":{"start":{"line":40,"column":4},"end":{"line":66,"column":5}},"7":{"start":{"line":41,"column":6},"end":{"line":41,"column":37}},"8":{"start":{"line":42,"column":21},"end":{"line":49,"column":8}},"9":{"start":{"line":51,"column":6},"end":{"line":53,"column":9}},"10":{"start":{"line":54,"column":6},"end":{"line":54,"column":37}},"11":{"start":{"line":55,"column":6},"end":{"line":55,"column":94}},"12":{"start":{"line":56,"column":6},"end":{"line":56,"column":36}},"13":{"start":{"line":58,"column":6},"end":{"line":65,"column":7}},"14":{"start":{"line":59,"column":21},"end":{"line":59,"column":45}},"15":{"start":{"line":61,"column":6},"end":{"line":61,"column":41}},"16":{"start":{"line":62,"column":6},"end":{"line":62,"column":90}},"17":{"start":{"line":64,"column":8},"end":{"line":64,"column":24}},"18":{"start":{"line":69,"column":23},"end":{"line":71,"column":8}},"19":{"start":{"line":70,"column":4},"end":{"line":70,"column":34}},"20":{"start":{"line":72,"column":2},"end":{"line":133,"column":4}},"21":{"start":{"line":96,"column":18},"end":{"line":96,"column":48}},"22":{"start":{"line":109,"column":18},"end":{"line":109,"column":51}},"23":{"start":{"line":128,"column":35},"end":{"line":128,"column":54}}},"fnMap":{"0":{"name":"(anonymous_0)","decl":{"start":{"line":32,"column":25},"end":{"line":32,"column":26}},"loc":{"start":{"line":32,"column":31},"end":{"line":134,"column":1}},"line":32},"1":{"name":"(anonymous_1)","decl":{"start":{"line":39,"column":35},"end":{"line":39,"column":36}},"loc":{"start":{"line":39,"column":82},"end":{"line":67,"column":3}},"line":39},"2":{"name":"(anonymous_2)","decl":{"start":{"line":69,"column":35},"end":{"line":69,"column":36}},"loc":{"start":{"line":69,"column":41},"end":{"line":71,"column":3}},"line":69},"3":{"name":"(anonymous_3)","decl":{"start":{"line":95,"column":33},"end":{"line":95,"column":34}},"loc":{"start":{"line":95,"column":39},"end":{"line":97,"column":17}},"line":95},"4":{"name":"(anonymous_4)","decl":{"start":{"line":108,"column":33},"end":{"line":108,"column":34}},"loc":{"start":{"line":108,"column":39},"end":{"line":110,"column":17}},"line":108},"5":{"name":"(anonymous_5)","decl":{"start":{"line":128,"column":29},"end":{"line":128,"column":30}},"loc":{"start":{"line":128,"column":35},"end":{"line":128,"column":54}},"line":128}},"branchMap":{"0":{"loc":{"start":{"line":58,"column":6},"end":{"line":65,"column":7}},"type":"if","locations":[{"start":{"line":58,"column":6},"end":{"line":65,"column":7}},{"start":{"line":58,"column":6},"end":{"line":65,"column":7}}],"line":58},"1":{"loc":{"start":{"line":76,"column":18},"end":{"line":76,"column":63}},"type":"cond-expr","locations":[{"start":{"line":76,"column":42},"end":{"line":76,"column":51}},{"start":{"line":76,"column":54},"end":{"line":76,"column":63}}],"line":76}},"s":{"0":0,"1":0,"2":0,"3":0,"4":0,"5":0,"6":0,"7":0,"8":0,"9":0,"10":0,"11":0,"12":0,"13":0,"14":0,"15":0,"16":0,"17":0,"18":0,"19":0,"20":0,"21":0,"22":0,"23":0},"f":{"0":0,"1":0,"2":0,"3":0,"4":0,"5":0},"b":{"0":[0,0],"1":[0,0]},"hash":"1e5ce147026feee1821b00415ca81c87d216a815"}
}
